<?xml version="1.0" encoding="UTF-8"?>
<!-- Generated by org.testng.reporters.JUnitReportReporter -->
<testsuite skipped="0" hostname="PC" name="Test.SetUp" tests="1" failures="0" timestamp="03 דצמ 2018 08:02:36 GMT" time="7.893" errors="0">
  <testcase name="ConnectToTheDevice" time="7.893" classname="Test.SetUp"/>
</testsuite> <!-- Test.SetUp -->
