<?xml version="1.0" encoding="UTF-8"?>
<!-- Generated by org.testng.reporters.JUnitReportReporter -->
<testsuite skipped="0" hostname="PC" name="Test.MainTest" tests="6" failures="0" timestamp="03 דצמ 2018 08:02:36 GMT" time="44.549" errors="0">
  <testcase name="CheckHistoryWindow" time="4.696" classname="Test.MainTest"/>
  <testcase name="Test1" time="6.798" classname="Test.MainTest"/>
  <testcase name="Test2" time="7.625" classname="Test.MainTest"/>
  <testcase name="Test3" time="12.260" classname="Test.MainTest"/>
  <testcase name="Test4" time="8.256" classname="Test.MainTest"/>
  <testcase name="CheckHistory" time="4.914" classname="Test.MainTest"/>
</testsuite> <!-- Test.MainTest -->
